<?xml version="1.0" encoding="UTF-8"?>
<testsuite xmlns:xsi="http://www.w3.org/2001/XMLSchema-instance" xsi:noNamespaceSchemaLocation="https://maven.apache.org/surefire/maven-surefire-plugin/xsd/surefire-test-report.xsd" name="it.polimi.ingsw.Table.TableTest" time="0.001" tests="1" errors="0" skipped="0" failures="0">
  <properties>
    <property name="awt.toolkit" value="sun.lwawt.macosx.LWCToolkit"/>
    <property name="java.specification.version" value="15"/>
    <property name="file.encoding.pkg" value="sun.io"/>
    <property name="jdk.extensions.version" value="15.0.2.0"/>
    <property name="sun.jnu.encoding" value="UTF-8"/>
    <property name="java.class.path" value="/Users/carloambrogi/IdeaProjects/ingswAM2021-castiglioni-ambrogi-beja/target/test-classes:/Users/carloambrogi/IdeaProjects/ingswAM2021-castiglioni-ambrogi-beja/target/classes:/Users/carloambrogi/.m2/repository/junit/junit/4.13.1/junit-4.13.1.jar:/Users/carloambrogi/.m2/repository/org/hamcrest/hamcrest-core/1.3/hamcrest-core-1.3.jar:/Users/carloambrogi/.m2/repository/org/junit/jupiter/junit-jupiter/5.8.0-M1/junit-jupiter-5.8.0-M1.jar:/Users/carloambrogi/.m2/repository/org/junit/jupiter/junit-jupiter-api/5.8.0-M1/junit-jupiter-api-5.8.0-M1.jar:/Users/carloambrogi/.m2/repository/org/apiguardian/apiguardian-api/1.1.1/apiguardian-api-1.1.1.jar:/Users/carloambrogi/.m2/repository/org/opentest4j/opentest4j/1.2.0/opentest4j-1.2.0.jar:/Users/carloambrogi/.m2/repository/org/junit/platform/junit-platform-commons/1.8.0-M1/junit-platform-commons-1.8.0-M1.jar:/Users/carloambrogi/.m2/repository/org/junit/jupiter/junit-jupiter-params/5.8.0-M1/junit-jupiter-params-5.8.0-M1.jar:/Users/carloambrogi/.m2/repository/org/junit/jupiter/junit-jupiter-engine/5.8.0-M1/junit-jupiter-engine-5.8.0-M1.jar:/Users/carloambrogi/.m2/repository/org/junit/platform/junit-platform-engine/1.8.0-M1/junit-platform-engine-1.8.0-M1.jar:/Users/carloambrogi/.m2/repository/org/jetbrains/kotlin/kotlin-stdlib-jdk8/1.4.20/kotlin-stdlib-jdk8-1.4.20.jar:/Users/carloambrogi/.m2/repository/org/jetbrains/kotlin/kotlin-stdlib/1.4.20/kotlin-stdlib-1.4.20.jar:/Users/carloambrogi/.m2/repository/org/jetbrains/kotlin/kotlin-stdlib-common/1.4.20/kotlin-stdlib-common-1.4.20.jar:/Users/carloambrogi/.m2/repository/org/jetbrains/annotations/13.0/annotations-13.0.jar:/Users/carloambrogi/.m2/repository/org/jetbrains/kotlin/kotlin-stdlib-jdk7/1.4.20/kotlin-stdlib-jdk7-1.4.20.jar:/Users/carloambrogi/.m2/repository/org/openjfx/javafx-controls/13/javafx-controls-13.jar:/Users/carloambrogi/.m2/repository/org/openjfx/javafx-controls/13/javafx-controls-13-mac.jar:/Users/carloambrogi/.m2/repository/org/openjfx/javafx-graphics/13/javafx-graphics-13.jar:/Users/carloambrogi/.m2/repository/org/openjfx/javafx-graphics/13/javafx-graphics-13-mac.jar:/Users/carloambrogi/.m2/repository/org/openjfx/javafx-base/13/javafx-base-13.jar:/Users/carloambrogi/.m2/repository/org/openjfx/javafx-base/13/javafx-base-13-mac.jar:/Users/carloambrogi/.m2/repository/com/googlecode/json-simple/json-simple/1.1.1/json-simple-1.1.1.jar:/Users/carloambrogi/.m2/repository/org/apache/maven/plugins/maven-compiler-plugin/3.8.1/maven-compiler-plugin-3.8.1.jar:/Users/carloambrogi/.m2/repository/org/apache/maven/maven-plugin-api/3.0/maven-plugin-api-3.0.jar:/Users/carloambrogi/.m2/repository/org/apache/maven/maven-model/3.0/maven-model-3.0.jar:/Users/carloambrogi/.m2/repository/org/sonatype/sisu/sisu-inject-plexus/1.4.2/sisu-inject-plexus-1.4.2.jar:/Users/carloambrogi/.m2/repository/org/sonatype/sisu/sisu-inject-bean/1.4.2/sisu-inject-bean-1.4.2.jar:/Users/carloambrogi/.m2/repository/org/sonatype/sisu/sisu-guice/2.1.7/sisu-guice-2.1.7-noaop.jar:/Users/carloambrogi/.m2/repository/org/apache/maven/maven-artifact/3.0/maven-artifact-3.0.jar:/Users/carloambrogi/.m2/repository/org/codehaus/plexus/plexus-utils/2.0.4/plexus-utils-2.0.4.jar:/Users/carloambrogi/.m2/repository/org/apache/maven/maven-core/3.0/maven-core-3.0.jar:/Users/carloambrogi/.m2/repository/org/apache/maven/maven-settings/3.0/maven-settings-3.0.jar:/Users/carloambrogi/.m2/repository/org/apache/maven/maven-settings-builder/3.0/maven-settings-builder-3.0.jar:/Users/carloambrogi/.m2/repository/org/apache/maven/maven-repository-metadata/3.0/maven-repository-metadata-3.0.jar:/Users/carloambrogi/.m2/repository/org/apache/maven/maven-model-builder/3.0/maven-model-builder-3.0.jar:/Users/carloambrogi/.m2/repository/org/apache/maven/maven-aether-provider/3.0/maven-aether-provider-3.0.jar:/Users/carloambrogi/.m2/repository/org/sonatype/aether/aether-impl/1.7/aether-impl-1.7.jar:/Users/carloambrogi/.m2/repository/org/sonatype/aether/aether-spi/1.7/aether-spi-1.7.jar:/Users/carloambrogi/.m2/repository/org/sonatype/aether/aether-api/1.7/aether-api-1.7.jar:/Users/carloambrogi/.m2/repository/org/sonatype/aether/aether-util/1.7/aether-util-1.7.jar:/Users/carloambrogi/.m2/repository/org/codehaus/plexus/plexus-interpolation/1.14/plexus-interpolation-1.14.jar:/Users/carloambrogi/.m2/repository/org/codehaus/plexus/plexus-classworlds/2.2.3/plexus-classworlds-2.2.3.jar:/Users/carloambrogi/.m2/repository/org/codehaus/plexus/plexus-component-annotations/1.5.5/plexus-component-annotations-1.5.5.jar:/Users/carloambrogi/.m2/repository/org/sonatype/plexus/plexus-sec-dispatcher/1.3/plexus-sec-dispatcher-1.3.jar:/Users/carloambrogi/.m2/repository/org/sonatype/plexus/plexus-cipher/1.4/plexus-cipher-1.4.jar:/Users/carloambrogi/.m2/repository/org/apache/maven/shared/maven-shared-utils/3.2.1/maven-shared-utils-3.2.1.jar:/Users/carloambrogi/.m2/repository/commons-io/commons-io/2.5/commons-io-2.5.jar:/Users/carloambrogi/.m2/repository/org/apache/maven/shared/maven-shared-incremental/1.1/maven-shared-incremental-1.1.jar:/Users/carloambrogi/.m2/repository/org/codehaus/plexus/plexus-java/0.9.10/plexus-java-0.9.10.jar:/Users/carloambrogi/.m2/repository/org/ow2/asm/asm/6.2/asm-6.2.jar:/Users/carloambrogi/.m2/repository/com/thoughtworks/qdox/qdox/2.0-M8/qdox-2.0-M8.jar:/Users/carloambrogi/.m2/repository/org/codehaus/plexus/plexus-compiler-api/2.8.4/plexus-compiler-api-2.8.4.jar:/Users/carloambrogi/.m2/repository/org/codehaus/plexus/plexus-compiler-manager/2.8.4/plexus-compiler-manager-2.8.4.jar:/Users/carloambrogi/.m2/repository/org/codehaus/plexus/plexus-compiler-javac/2.8.4/plexus-compiler-javac-2.8.4.jar:"/>
    <property name="java.vm.vendor" value="Eclipse OpenJ9"/>
    <property name="sun.arch.data.model" value="64"/>
    <property name="com.ibm.vm.bitmode" value="64"/>
    <property name="user.variant" value=""/>
    <property name="com.ibm.oti.vm.library.version" value="29"/>
    <property name="java.vendor.url" value="https://adoptopenjdk.net/"/>
    <property name="user.timezone" value=""/>
    <property name="os.name" value="Mac OS X"/>
    <property name="java.vm.specification.version" value="15"/>
    <property name="sun.java.launcher" value="SUN_STANDARD"/>
    <property name="user.country" value="IT"/>
    <property name="sun.boot.library.path" value="/Users/carloambrogi/Library/Java/JavaVirtualMachines/adopt-openj9-15.0.2/Contents/Home/lib/compressedrefs:/Users/carloambrogi/Library/Java/JavaVirtualMachines/adopt-openj9-15.0.2/Contents/Home/lib"/>
    <property name="sun.java.command" value="/Users/carloambrogi/IdeaProjects/ingswAM2021-castiglioni-ambrogi-beja/target/surefire/surefirebooter7476997258632312669.jar /Users/carloambrogi/IdeaProjects/ingswAM2021-castiglioni-ambrogi-beja/target/surefire 2021-05-24T13-22-08_024-jvmRun1 surefire8427731667291258527tmp surefire_011450939397649757613tmp"/>
    <property name="surefire.test.class.path" value="/Users/carloambrogi/IdeaProjects/ingswAM2021-castiglioni-ambrogi-beja/target/test-classes:/Users/carloambrogi/IdeaProjects/ingswAM2021-castiglioni-ambrogi-beja/target/classes:/Users/carloambrogi/.m2/repository/junit/junit/4.13.1/junit-4.13.1.jar:/Users/carloambrogi/.m2/repository/org/hamcrest/hamcrest-core/1.3/hamcrest-core-1.3.jar:/Users/carloambrogi/.m2/repository/org/junit/jupiter/junit-jupiter/5.8.0-M1/junit-jupiter-5.8.0-M1.jar:/Users/carloambrogi/.m2/repository/org/junit/jupiter/junit-jupiter-api/5.8.0-M1/junit-jupiter-api-5.8.0-M1.jar:/Users/carloambrogi/.m2/repository/org/apiguardian/apiguardian-api/1.1.1/apiguardian-api-1.1.1.jar:/Users/carloambrogi/.m2/repository/org/opentest4j/opentest4j/1.2.0/opentest4j-1.2.0.jar:/Users/carloambrogi/.m2/repository/org/junit/platform/junit-platform-commons/1.8.0-M1/junit-platform-commons-1.8.0-M1.jar:/Users/carloambrogi/.m2/repository/org/junit/jupiter/junit-jupiter-params/5.8.0-M1/junit-jupiter-params-5.8.0-M1.jar:/Users/carloambrogi/.m2/repository/org/junit/jupiter/junit-jupiter-engine/5.8.0-M1/junit-jupiter-engine-5.8.0-M1.jar:/Users/carloambrogi/.m2/repository/org/junit/platform/junit-platform-engine/1.8.0-M1/junit-platform-engine-1.8.0-M1.jar:/Users/carloambrogi/.m2/repository/org/jetbrains/kotlin/kotlin-stdlib-jdk8/1.4.20/kotlin-stdlib-jdk8-1.4.20.jar:/Users/carloambrogi/.m2/repository/org/jetbrains/kotlin/kotlin-stdlib/1.4.20/kotlin-stdlib-1.4.20.jar:/Users/carloambrogi/.m2/repository/org/jetbrains/kotlin/kotlin-stdlib-common/1.4.20/kotlin-stdlib-common-1.4.20.jar:/Users/carloambrogi/.m2/repository/org/jetbrains/annotations/13.0/annotations-13.0.jar:/Users/carloambrogi/.m2/repository/org/jetbrains/kotlin/kotlin-stdlib-jdk7/1.4.20/kotlin-stdlib-jdk7-1.4.20.jar:/Users/carloambrogi/.m2/repository/org/openjfx/javafx-controls/13/javafx-controls-13.jar:/Users/carloambrogi/.m2/repository/org/openjfx/javafx-controls/13/javafx-controls-13-mac.jar:/Users/carloambrogi/.m2/repository/org/openjfx/javafx-graphics/13/javafx-graphics-13.jar:/Users/carloambrogi/.m2/repository/org/openjfx/javafx-graphics/13/javafx-graphics-13-mac.jar:/Users/carloambrogi/.m2/repository/org/openjfx/javafx-base/13/javafx-base-13.jar:/Users/carloambrogi/.m2/repository/org/openjfx/javafx-base/13/javafx-base-13-mac.jar:/Users/carloambrogi/.m2/repository/com/googlecode/json-simple/json-simple/1.1.1/json-simple-1.1.1.jar:/Users/carloambrogi/.m2/repository/org/apache/maven/plugins/maven-compiler-plugin/3.8.1/maven-compiler-plugin-3.8.1.jar:/Users/carloambrogi/.m2/repository/org/apache/maven/maven-plugin-api/3.0/maven-plugin-api-3.0.jar:/Users/carloambrogi/.m2/repository/org/apache/maven/maven-model/3.0/maven-model-3.0.jar:/Users/carloambrogi/.m2/repository/org/sonatype/sisu/sisu-inject-plexus/1.4.2/sisu-inject-plexus-1.4.2.jar:/Users/carloambrogi/.m2/repository/org/sonatype/sisu/sisu-inject-bean/1.4.2/sisu-inject-bean-1.4.2.jar:/Users/carloambrogi/.m2/repository/org/sonatype/sisu/sisu-guice/2.1.7/sisu-guice-2.1.7-noaop.jar:/Users/carloambrogi/.m2/repository/org/apache/maven/maven-artifact/3.0/maven-artifact-3.0.jar:/Users/carloambrogi/.m2/repository/org/codehaus/plexus/plexus-utils/2.0.4/plexus-utils-2.0.4.jar:/Users/carloambrogi/.m2/repository/org/apache/maven/maven-core/3.0/maven-core-3.0.jar:/Users/carloambrogi/.m2/repository/org/apache/maven/maven-settings/3.0/maven-settings-3.0.jar:/Users/carloambrogi/.m2/repository/org/apache/maven/maven-settings-builder/3.0/maven-settings-builder-3.0.jar:/Users/carloambrogi/.m2/repository/org/apache/maven/maven-repository-metadata/3.0/maven-repository-metadata-3.0.jar:/Users/carloambrogi/.m2/repository/org/apache/maven/maven-model-builder/3.0/maven-model-builder-3.0.jar:/Users/carloambrogi/.m2/repository/org/apache/maven/maven-aether-provider/3.0/maven-aether-provider-3.0.jar:/Users/carloambrogi/.m2/repository/org/sonatype/aether/aether-impl/1.7/aether-impl-1.7.jar:/Users/carloambrogi/.m2/repository/org/sonatype/aether/aether-spi/1.7/aether-spi-1.7.jar:/Users/carloambrogi/.m2/repository/org/sonatype/aether/aether-api/1.7/aether-api-1.7.jar:/Users/carloambrogi/.m2/repository/org/sonatype/aether/aether-util/1.7/aether-util-1.7.jar:/Users/carloambrogi/.m2/repository/org/codehaus/plexus/plexus-interpolation/1.14/plexus-interpolation-1.14.jar:/Users/carloambrogi/.m2/repository/org/codehaus/plexus/plexus-classworlds/2.2.3/plexus-classworlds-2.2.3.jar:/Users/carloambrogi/.m2/repository/org/codehaus/plexus/plexus-component-annotations/1.5.5/plexus-component-annotations-1.5.5.jar:/Users/carloambrogi/.m2/repository/org/sonatype/plexus/plexus-sec-dispatcher/1.3/plexus-sec-dispatcher-1.3.jar:/Users/carloambrogi/.m2/repository/org/sonatype/plexus/plexus-cipher/1.4/plexus-cipher-1.4.jar:/Users/carloambrogi/.m2/repository/org/apache/maven/shared/maven-shared-utils/3.2.1/maven-shared-utils-3.2.1.jar:/Users/carloambrogi/.m2/repository/commons-io/commons-io/2.5/commons-io-2.5.jar:/Users/carloambrogi/.m2/repository/org/apache/maven/shared/maven-shared-incremental/1.1/maven-shared-incremental-1.1.jar:/Users/carloambrogi/.m2/repository/org/codehaus/plexus/plexus-java/0.9.10/plexus-java-0.9.10.jar:/Users/carloambrogi/.m2/repository/org/ow2/asm/asm/6.2/asm-6.2.jar:/Users/carloambrogi/.m2/repository/com/thoughtworks/qdox/qdox/2.0-M8/qdox-2.0-M8.jar:/Users/carloambrogi/.m2/repository/org/codehaus/plexus/plexus-compiler-api/2.8.4/plexus-compiler-api-2.8.4.jar:/Users/carloambrogi/.m2/repository/org/codehaus/plexus/plexus-compiler-manager/2.8.4/plexus-compiler-manager-2.8.4.jar:/Users/carloambrogi/.m2/repository/org/codehaus/plexus/plexus-compiler-javac/2.8.4/plexus-compiler-javac-2.8.4.jar:"/>
    <property name="sun.cpu.endian" value="little"/>
    <property name="user.home" value="/Users/carloambrogi"/>
    <property name="user.language" value="it"/>
    <property name="java.specification.vendor" value="Oracle Corporation"/>
    <property name="java.version.date" value="2021-01-19"/>
    <property name="java.home" value="/Users/carloambrogi/Library/Java/JavaVirtualMachines/adopt-openj9-15.0.2/Contents/Home"/>
    <property name="ibm.signalhandling.rs" value="false"/>
    <property name="file.separator" value="/"/>
    <property name="jdk.extensions.name" value="Extensions for OpenJDK for Eclipse OpenJ9"/>
    <property name="basedir" value="/Users/carloambrogi/IdeaProjects/ingswAM2021-castiglioni-ambrogi-beja"/>
    <property name="line.separator" value="&#10;"/>
    <property name="java.vm.specification.vendor" value="Oracle Corporation"/>
    <property name="java.specification.name" value="Java Platform API Specification"/>
    <property name="java.compiler" value="j9jit29"/>
    <property name="com.ibm.util.extralibs.properties" value=""/>
    <property name="java.awt.graphicsenv" value="sun.awt.CGraphicsEnvironment"/>
    <property name="com.ibm.oti.configuration" value="scar"/>
    <property name="surefire.real.class.path" value="/Users/carloambrogi/IdeaProjects/ingswAM2021-castiglioni-ambrogi-beja/target/surefire/surefirebooter7476997258632312669.jar"/>
    <property name="com.ibm.oti.shared.enabled" value="false"/>
    <property name="jdk.boot.class.path.append" value=""/>
    <property name="com.ibm.oti.vm.bootstrap.library.path" value="/Users/carloambrogi/Library/Java/JavaVirtualMachines/adopt-openj9-15.0.2/Contents/Home/lib/compressedrefs:/Users/carloambrogi/Library/Java/JavaVirtualMachines/adopt-openj9-15.0.2/Contents/Home/lib"/>
    <property name="com.ibm.cpu.endian" value="little"/>
    <property name="java.fullversion" value="15.0.2+7&#10;JRE 15 Mac OS X amd64-64-Bit Compressed References 20210121_172 (JIT enabled, AOT enabled)&#10;OpenJ9   - 345e1b09e&#10;OMR      - 741e94ea8&#10;JCL      - 863b523566 based on jdk-15.0.2+7"/>
    <property name="java.runtime.version" value="15.0.2+7"/>
    <property name="user.name" value="carloambrogi"/>
    <property name="path.separator" value=":"/>
    <property name="os.version" value="10.16"/>
    <property name="java.runtime.name" value="OpenJDK Runtime Environment"/>
    <property name="ibm.signalhandling.sigint" value="true"/>
    <property name="file.encoding" value="UTF-8"/>
    <property name="java.vm.name" value="Eclipse OpenJ9 VM"/>
    <property name="java.vendor.version" value="AdoptOpenJDK"/>
    <property name="ibm.signalhandling.sigchain" value="true"/>
    <property name="localRepository" value="/Users/carloambrogi/.m2/repository"/>
    <property name="java.vendor.url.bug" value="https://github.com/AdoptOpenJDK/openjdk-support/issues"/>
    <property name="java.io.tmpdir" value="/var/folders/kx/v3r_2ttd7cn1r9lg5yzbx2mm0000gp/T/"/>
    <property name="idea.version" value="2021.1.1"/>
    <property name="java.version" value="15.0.2"/>
    <property name="com.ibm.system.agent.path" value="/Users/carloambrogi/Library/Java/JavaVirtualMachines/adopt-openj9-15.0.2/Contents/Home/lib"/>
    <property name="user.dir" value="/Users/carloambrogi/IdeaProjects/ingswAM2021-castiglioni-ambrogi-beja"/>
    <property name="os.arch" value="x86_64"/>
    <property name="java.vm.specification.name" value="Java Virtual Machine Specification"/>
    <property name="java.awt.printerjob" value="sun.lwawt.macosx.CPrinterJob"/>
    <property name="sun.nio.PageAlignDirectMemory" value="false"/>
    <property name="os.encoding" value="UTF-8"/>
    <property name="java.library.path" value="/Users/carloambrogi/Library/Java/JavaVirtualMachines/adopt-openj9-15.0.2/Contents/Home/lib/compressedrefs:/Users/carloambrogi/Library/Java/JavaVirtualMachines/adopt-openj9-15.0.2/Contents/Home/lib:/usr/lib"/>
    <property name="java.vendor" value="AdoptOpenJDK"/>
    <property name="java.vm.info" value="JRE 15 Mac OS X amd64-64-Bit Compressed References 20210121_172 (JIT enabled, AOT enabled)&#10;OpenJ9   - 345e1b09e&#10;OMR      - 741e94ea8&#10;JCL      - 863b523566 based on jdk-15.0.2+7"/>
    <property name="sun.nio.MaxDirectMemorySize" value="3758096384"/>
    <property name="java.vm.version" value="openj9-0.24.0"/>
    <property name="com.ibm.jcl.checkClassPath" value=""/>
    <property name="ibm.system.encoding" value="UTF-8"/>
    <property name="sun.io.unicode.encoding" value="UnicodeLittle"/>
    <property name="java.class.version" value="59.0"/>
  </properties>
  <testcase name="integrityTest" classname="it.polimi.ingsw.Table.TableTest" time="0"/>
</testsuite>