<?xml version="1.0" encoding="UTF-8"?>
<<<<<<< HEAD
<testsuite xmlns:xsi="http://www.w3.org/2001/XMLSchema-instance" xsi:noNamespaceSchemaLocation="https://maven.apache.org/surefire/maven-surefire-plugin/xsd/surefire-test-report.xsd" name="it.polimi.ingsw.PersonalBoard.StrongBox.StrongBoxTest" time="0.069" tests="2" errors="0" skipped="0" failures="0">
=======
<testsuite xmlns:xsi="http://www.w3.org/2001/XMLSchema-instance" xsi:noNamespaceSchemaLocation="https://maven.apache.org/surefire/maven-surefire-plugin/xsd/surefire-test-report.xsd" name="it.polimi.ingsw.PersonalBoard.StrongBox.StrongBoxTest" time="0.074" tests="2" errors="0" skipped="0" failures="0">
>>>>>>> 8148ff7c287c06667a4488c224b585dcae75001b
  <properties>
    <property name="java.specification.version" value="16"/>
    <property name="sun.jnu.encoding" value="UTF-8"/>
    <property name="java.class.path" value="/Users/realdobeja/IdeaProjects/ingswAM2021-castiglioni-ambrogi-beja/target/test-classes:/Users/realdobeja/IdeaProjects/ingswAM2021-castiglioni-ambrogi-beja/target/classes:/Users/realdobeja/.m2/repository/junit/junit/4.13.1/junit-4.13.1.jar:/Users/realdobeja/.m2/repository/org/hamcrest/hamcrest-core/1.3/hamcrest-core-1.3.jar:/Users/realdobeja/.m2/repository/org/junit/jupiter/junit-jupiter/5.8.0-M1/junit-jupiter-5.8.0-M1.jar:/Users/realdobeja/.m2/repository/org/junit/jupiter/junit-jupiter-api/5.8.0-M1/junit-jupiter-api-5.8.0-M1.jar:/Users/realdobeja/.m2/repository/org/apiguardian/apiguardian-api/1.1.1/apiguardian-api-1.1.1.jar:/Users/realdobeja/.m2/repository/org/opentest4j/opentest4j/1.2.0/opentest4j-1.2.0.jar:/Users/realdobeja/.m2/repository/org/junit/platform/junit-platform-commons/1.8.0-M1/junit-platform-commons-1.8.0-M1.jar:/Users/realdobeja/.m2/repository/org/junit/jupiter/junit-jupiter-params/5.8.0-M1/junit-jupiter-params-5.8.0-M1.jar:/Users/realdobeja/.m2/repository/org/junit/jupiter/junit-jupiter-engine/5.8.0-M1/junit-jupiter-engine-5.8.0-M1.jar:/Users/realdobeja/.m2/repository/org/junit/platform/junit-platform-engine/1.8.0-M1/junit-platform-engine-1.8.0-M1.jar:/Users/realdobeja/.m2/repository/org/jetbrains/kotlin/kotlin-stdlib-jdk8/1.4.20/kotlin-stdlib-jdk8-1.4.20.jar:/Users/realdobeja/.m2/repository/org/jetbrains/kotlin/kotlin-stdlib/1.4.20/kotlin-stdlib-1.4.20.jar:/Users/realdobeja/.m2/repository/org/jetbrains/kotlin/kotlin-stdlib-common/1.4.20/kotlin-stdlib-common-1.4.20.jar:/Users/realdobeja/.m2/repository/org/jetbrains/annotations/13.0/annotations-13.0.jar:/Users/realdobeja/.m2/repository/org/jetbrains/kotlin/kotlin-stdlib-jdk7/1.4.20/kotlin-stdlib-jdk7-1.4.20.jar:"/>
    <property name="java.vm.vendor" value="Oracle Corporation"/>
    <property name="sun.arch.data.model" value="64"/>
    <property name="java.vendor.url" value="https://java.oracle.com/"/>
    <property name="os.name" value="Mac OS X"/>
    <property name="java.vm.specification.version" value="16"/>
    <property name="sun.java.launcher" value="SUN_STANDARD"/>
    <property name="user.country" value="IT"/>
<<<<<<< HEAD
    <property name="sun.boot.library.path" value="/Users/carloambrogi/Library/Java/JavaVirtualMachines/corretto-15.0.2/Contents/Home/lib"/>
    <property name="sun.java.command" value="/Users/carloambrogi/IdeaProjects/ingswAM2021-castiglioni-ambrogi-beja/target/surefire/surefirebooter5484687722020116616.jar /Users/carloambrogi/IdeaProjects/ingswAM2021-castiglioni-ambrogi-beja/target/surefire 2021-04-12T15-35-32_233-jvmRun1 surefire18199970728938509119tmp surefire_012630852356123586992tmp"/>
=======
    <property name="sun.boot.library.path" value="/Users/realdobeja/Library/Java/JavaVirtualMachines/openjdk-16/Contents/Home/lib"/>
    <property name="sun.java.command" value="/Users/realdobeja/IdeaProjects/ingswAM2021-castiglioni-ambrogi-beja/target/surefire/surefirebooter343422242978989863.jar /Users/realdobeja/IdeaProjects/ingswAM2021-castiglioni-ambrogi-beja/target/surefire 2021-04-11T21-33-05_829-jvmRun1 surefire16856072420813475462tmp surefire_09276979961700682139tmp"/>
>>>>>>> 8148ff7c287c06667a4488c224b585dcae75001b
    <property name="http.nonProxyHosts" value="local|*.local|169.254/16|*.169.254/16"/>
    <property name="jdk.debug" value="release"/>
    <property name="surefire.test.class.path" value="/Users/realdobeja/IdeaProjects/ingswAM2021-castiglioni-ambrogi-beja/target/test-classes:/Users/realdobeja/IdeaProjects/ingswAM2021-castiglioni-ambrogi-beja/target/classes:/Users/realdobeja/.m2/repository/junit/junit/4.13.1/junit-4.13.1.jar:/Users/realdobeja/.m2/repository/org/hamcrest/hamcrest-core/1.3/hamcrest-core-1.3.jar:/Users/realdobeja/.m2/repository/org/junit/jupiter/junit-jupiter/5.8.0-M1/junit-jupiter-5.8.0-M1.jar:/Users/realdobeja/.m2/repository/org/junit/jupiter/junit-jupiter-api/5.8.0-M1/junit-jupiter-api-5.8.0-M1.jar:/Users/realdobeja/.m2/repository/org/apiguardian/apiguardian-api/1.1.1/apiguardian-api-1.1.1.jar:/Users/realdobeja/.m2/repository/org/opentest4j/opentest4j/1.2.0/opentest4j-1.2.0.jar:/Users/realdobeja/.m2/repository/org/junit/platform/junit-platform-commons/1.8.0-M1/junit-platform-commons-1.8.0-M1.jar:/Users/realdobeja/.m2/repository/org/junit/jupiter/junit-jupiter-params/5.8.0-M1/junit-jupiter-params-5.8.0-M1.jar:/Users/realdobeja/.m2/repository/org/junit/jupiter/junit-jupiter-engine/5.8.0-M1/junit-jupiter-engine-5.8.0-M1.jar:/Users/realdobeja/.m2/repository/org/junit/platform/junit-platform-engine/1.8.0-M1/junit-platform-engine-1.8.0-M1.jar:/Users/realdobeja/.m2/repository/org/jetbrains/kotlin/kotlin-stdlib-jdk8/1.4.20/kotlin-stdlib-jdk8-1.4.20.jar:/Users/realdobeja/.m2/repository/org/jetbrains/kotlin/kotlin-stdlib/1.4.20/kotlin-stdlib-1.4.20.jar:/Users/realdobeja/.m2/repository/org/jetbrains/kotlin/kotlin-stdlib-common/1.4.20/kotlin-stdlib-common-1.4.20.jar:/Users/realdobeja/.m2/repository/org/jetbrains/annotations/13.0/annotations-13.0.jar:/Users/realdobeja/.m2/repository/org/jetbrains/kotlin/kotlin-stdlib-jdk7/1.4.20/kotlin-stdlib-jdk7-1.4.20.jar:"/>
    <property name="sun.cpu.endian" value="little"/>
    <property name="user.home" value="/Users/realdobeja"/>
    <property name="user.language" value="en"/>
    <property name="java.specification.vendor" value="Oracle Corporation"/>
    <property name="java.version.date" value="2021-03-16"/>
    <property name="java.home" value="/Users/realdobeja/Library/Java/JavaVirtualMachines/openjdk-16/Contents/Home"/>
    <property name="file.separator" value="/"/>
    <property name="basedir" value="/Users/realdobeja/IdeaProjects/ingswAM2021-castiglioni-ambrogi-beja"/>
    <property name="java.vm.compressedOopsMode" value="Zero based"/>
    <property name="line.separator" value="&#10;"/>
    <property name="java.specification.name" value="Java Platform API Specification"/>
    <property name="java.vm.specification.vendor" value="Oracle Corporation"/>
<<<<<<< HEAD
    <property name="surefire.real.class.path" value="/Users/carloambrogi/IdeaProjects/ingswAM2021-castiglioni-ambrogi-beja/target/surefire/surefirebooter5484687722020116616.jar"/>
=======
    <property name="surefire.real.class.path" value="/Users/realdobeja/IdeaProjects/ingswAM2021-castiglioni-ambrogi-beja/target/surefire/surefirebooter343422242978989863.jar"/>
>>>>>>> 8148ff7c287c06667a4488c224b585dcae75001b
    <property name="sun.management.compiler" value="HotSpot 64-Bit Tiered Compilers"/>
    <property name="ftp.nonProxyHosts" value="local|*.local|169.254/16|*.169.254/16"/>
    <property name="java.runtime.version" value="16+36-2231"/>
    <property name="user.name" value="realdobeja"/>
    <property name="path.separator" value=":"/>
    <property name="os.version" value="10.16"/>
    <property name="java.runtime.name" value="OpenJDK Runtime Environment"/>
    <property name="file.encoding" value="UTF-8"/>
    <property name="java.vm.name" value="OpenJDK 64-Bit Server VM"/>
    <property name="localRepository" value="/Users/realdobeja/.m2/repository"/>
    <property name="java.vendor.url.bug" value="https://bugreport.java.com/bugreport/"/>
    <property name="java.io.tmpdir" value="/var/folders/6f/fsl3t86x777dcb7vt2sdb3l40000gn/T/"/>
    <property name="idea.version" value="2021.1"/>
    <property name="java.version" value="16"/>
    <property name="user.dir" value="/Users/realdobeja/IdeaProjects/ingswAM2021-castiglioni-ambrogi-beja"/>
    <property name="os.arch" value="x86_64"/>
    <property name="java.vm.specification.name" value="Java Virtual Machine Specification"/>
    <property name="java.library.path" value="/Users/realdobeja/Library/Java/Extensions:/Library/Java/Extensions:/Network/Library/Java/Extensions:/System/Library/Java/Extensions:/usr/lib/java:."/>
    <property name="java.vm.info" value="mixed mode, sharing"/>
    <property name="java.vendor" value="Oracle Corporation"/>
    <property name="java.vm.version" value="16+36-2231"/>
    <property name="sun.io.unicode.encoding" value="UnicodeBig"/>
    <property name="socksNonProxyHosts" value="local|*.local|169.254/16|*.169.254/16"/>
    <property name="java.class.version" value="60.0"/>
  </properties>
<<<<<<< HEAD
  <testcase name="addTest" classname="it.polimi.ingsw.PersonalBoard.StrongBox.StrongBoxTest" time="0.036"/>
=======
  <testcase name="addTest" classname="it.polimi.ingsw.PersonalBoard.StrongBox.StrongBoxTest" time="0.039"/>
>>>>>>> 8148ff7c287c06667a4488c224b585dcae75001b
  <testcase name="removeTest" classname="it.polimi.ingsw.PersonalBoard.StrongBox.StrongBoxTest" time="0"/>
</testsuite>